<?xml version="1.0" encoding="UTF-8"?>
<testsuite name="BookRepositoryMockTest" tests="3" skipped="0" failures="0" errors="0" timestamp="2025-11-29T12:40:27" hostname="DESKTOP-FMM2F7E" time="0.021">
  <properties/>
  <testcase name="findAll()" classname="BookRepositoryMockTest" time="0.012"/>
  <testcase name="findById()" classname="BookRepositoryMockTest" time="0.004"/>
  <testcase name="save()" classname="BookRepositoryMockTest" time="0.001"/>
  <system-out><![CDATA[]]></system-out>
  <system-err><![CDATA[]]></system-err>
</testsuite>
